STFGNN以流量为节点特征，不采用归一化  

x shape:  (9168, 12, 72, 1) , y shape:  (9168, 1, 72, 1)
NoneScaler
(19, 180, 72)
d:\77829\School\STFGNN\STFGNN-main\STFGNN-pytorch\data\dataset\stfgnn_dataset.py:25: RuntimeWarning: invalid value encountered in divide
  return (a-mu)/std
The calculation of time series is done!
Total route number:  72
Sparsity of adj:  0.013888888888888888
The weighted matrix of temporal graph is generated!
The shape of localized adjacency matrix: (288, 288)
begin training
| end of epoch   1 | time: 12.45s | train_loss 628366.0134 | valid mse 110611.8984
| end of epoch   2 | time: 11.15s | train_loss 68920.4949 | valid mse 8969.3779
| end of epoch   3 | time: 10.69s | train_loss 48130.8811 | valid mse 2252.3740
| end of epoch   4 | time: 10.69s | train_loss 3383.4504 | valid mse 72.7810
| end of epoch   5 | time: 10.82s | train_loss 1657.2687 | valid mse 31.1206
| end of epoch   6 | time: 10.73s | train_loss 811.9111 | valid mse 201.9041
| end of epoch   7 | time: 10.59s | train_loss 130.3039 | valid mse 51.7734
| end of epoch   8 | time: 10.62s | train_loss 68.6775 | valid mse 13.4609
| end of epoch   9 | time: 10.55s | train_loss 45.3679 | valid mse 15.7763
| end of epoch  10 | time: 10.75s | train_loss 23.6623 | valid mse 9.4908
| end of epoch  11 | time: 11.16s | train_loss 42.4911 | valid mse 12.2275
| end of epoch  12 | time: 10.94s | train_loss 9.8454 | valid mse 5.0843
| end of epoch  13 | time: 10.99s | train_loss 8.8258 | valid mse 4.5199
| end of epoch  14 | time: 10.97s | train_loss 2.5248 | valid mse 1.8375
| end of epoch  15 | time: 10.74s | train_loss 5.8338 | valid mse 1.5975
| end of epoch  16 | time: 10.81s | train_loss 2.0057 | valid mse 1.2371
| end of epoch  17 | time: 11.16s | train_loss 2.6023 | valid mse 1.0051
| end of epoch  18 | time: 10.97s | train_loss 3.6367 | valid mse 1.7039
| end of epoch  19 | time: 11.00s | train_loss 6.4487 | valid mse 2.1292
| end of epoch  20 | time: 11.06s | train_loss 3.5881 | valid mse 2.5799
| end of epoch  21 | time: 11.10s | train_loss 19.2865 | valid mse 5.9393
| end of epoch  22 | time: 11.10s | train_loss 3.5284 | valid mse 2.1283
| end of epoch  23 | time: 11.04s | train_loss 2.7252 | valid mse 1.4553
| end of epoch  24 | time: 11.09s | train_loss 1.8575 | valid mse 1.2215
| end of epoch  25 | time: 11.11s | train_loss 3.8502 | valid mse 4.8198
| end of epoch  26 | time: 10.92s | train_loss 3.5019 | valid mse 1.4044
| end of epoch  27 | time: 10.88s | train_loss 2.6379 | valid mse 1.3103
| end of epoch  28 | time: 10.76s | train_loss 1.2659 | valid mse 1.6234
| end of epoch  29 | time: 10.73s | train_loss 1.9951 | valid mse 1.0571
| end of epoch  30 | time: 10.67s | train_loss 2.1740 | valid mse 1.2073
| end of epoch  31 | time: 10.44s | train_loss 4.6426 | valid mse 1.0469
| end of epoch  32 | time: 10.44s | train_loss 5.7340 | valid mse 1.2497
| end of epoch  33 | time: 10.80s | train_loss 9.1604 | valid mse 2.0765
| end of epoch  34 | time: 10.77s | train_loss 6.8228 | valid mse 1.8213
| end of epoch  35 | time: 10.82s | train_loss 5.5996 | valid mse 0.9014
| end of epoch  36 | time: 10.83s | train_loss 3.0777 | valid mse 1.7871
| end of epoch  37 | time: 10.88s | train_loss 3.4725 | valid mse 1.0836
| end of epoch  38 | time: 10.79s | train_loss 1.2823 | valid mse 0.8549
| end of epoch  39 | time: 11.00s | train_loss 1.7222 | valid mse 0.8244
| end of epoch  40 | time: 10.83s | train_loss 0.8812 | valid mse 1.2162
| end of epoch  41 | time: 10.94s | train_loss 1.7974 | valid mse 1.4165
| end of epoch  42 | time: 10.96s | train_loss 13.4617 | valid mse 1.1831
| end of epoch  43 | time: 11.04s | train_loss 4.0984 | valid mse 1.4997
| end of epoch  44 | time: 11.05s | train_loss 1.2878 | valid mse 0.9262
| end of epoch  45 | time: 11.00s | train_loss 2.0405 | valid mse 0.9184
| end of epoch  46 | time: 11.04s | train_loss 2.1175 | valid mse 1.1946
| end of epoch  47 | time: 11.05s | train_loss 2.3914 | valid mse 9.3551
| end of epoch  48 | time: 10.95s | train_loss 2.3788 | valid mse 0.9059
| end of epoch  49 | time: 10.98s | train_loss 6.7435 | valid mse 10.1907
| end of epoch  50 | time: 10.67s | train_loss 3.2437 | valid mse 0.8470
| end of epoch  51 | time: 10.78s | train_loss 3.8369 | valid mse 1.1957
| end of epoch  52 | time: 10.53s | train_loss 3.8225 | valid mse 1.2466
| end of epoch  53 | time: 10.41s | train_loss 1.9624 | valid mse 0.8576
| end of epoch  54 | time: 10.41s | train_loss 2.3230 | valid mse 2.4026
| end of epoch  55 | time: 10.62s | train_loss 3.6302 | valid mse 0.7829
| end of epoch  56 | time: 10.78s | train_loss 9.0819 | valid mse 1.2581
| end of epoch  57 | time: 10.79s | train_loss 3.1172 | valid mse 2.3931
| end of epoch  58 | time: 10.99s | train_loss 1.9169 | valid mse 4.2750
| end of epoch  59 | time: 10.90s | train_loss 6.2830 | valid mse 1.2731
| end of epoch  60 | time: 11.01s | train_loss 2.3957 | valid mse 0.7908
| end of epoch  61 | time: 10.87s | train_loss 1.4327 | valid mse 0.7476
| end of epoch  62 | time: 10.75s | train_loss 1.0730 | valid mse 0.8600
| end of epoch  63 | time: 10.83s | train_loss 84.6770 | valid mse 7.1350
| end of epoch  64 | time: 10.96s | train_loss 19.5090 | valid mse 5.6914
| end of epoch  65 | time: 11.00s | train_loss 34.0055 | valid mse 1.5370
| end of epoch  66 | time: 11.05s | train_loss 5.6785 | valid mse 1.0200
| end of epoch  67 | time: 10.93s | train_loss 15.5228 | valid mse 4.3787
| end of epoch  68 | time: 11.06s | train_loss 3.0728 | valid mse 4.3753
| end of epoch  69 | time: 11.07s | train_loss 6.2640 | valid mse 1.6200
| end of epoch  70 | time: 10.99s | train_loss 2.8366 | valid mse 3.0156
| end of epoch  71 | time: 11.00s | train_loss 1.6074 | valid mse 1.0410
| end of epoch  72 | time: 10.74s | train_loss 3.3027 | valid mse 0.9564
| end of epoch  73 | time: 10.63s | train_loss 2.3925 | valid mse 0.9450
| end of epoch  74 | time: 10.61s | train_loss 1.3995 | valid mse 1.0504
| end of epoch  75 | time: 10.36s | train_loss 1.9499 | valid mse 4.8620
| end of epoch  76 | time: 10.39s | train_loss 2.0952 | valid mse 0.8721
| end of epoch  77 | time: 10.54s | train_loss 8.0373 | valid mse 1.7034
| end of epoch  78 | time: 10.95s | train_loss 1.7159 | valid mse 0.8429
| end of epoch  79 | time: 10.94s | train_loss 1.1269 | valid mse 5.7669
| end of epoch  80 | time: 11.01s | train_loss 1.5961 | valid mse 1.0980
| end of epoch  81 | time: 10.94s | train_loss 10.8031 | valid mse 4.2502
early stop at epoch: 0081
MAE  :
horizon-0  :  1.8460121154785156
all  :  1.8460121154785156
MSE  :
horizon-0  :  8.32034969329834
all  :  8.32034969329834
RMSE  :
horizon-0  :  2.8845016956329346
all  :  2.8845016956329346
masked_MAPE  :
horizon-0  :  52.6500403881073
all  :  52.6500403881073
StemGNN_MAPE  :
horizon-0  :  296.1074643007432
all  :  296.1074643007432
PCC  :
horizon-0  :  0.9856457519263644
all  :  0.9856457519263644
node_wise_PCC  :
horizon-0  :  0.6132797598838806
all  :  0.6132797598838806
x shape:  (2328, 12, 72, 1) , y shape:  (2328, 1, 72, 1)
NoneScaler
(4, 180, 72)
The calculation of time series is done!
Total route number:  72
Sparsity of adj:  0.013888888888888888
The weighted matrix of temporal graph is generated!
The shape of localized adjacency matrix: (288, 288)
begin training
| end of epoch   1 | time:  3.17s | train_loss 38001.8116 | valid mse 7371957.5000
| end of epoch   2 | time:  2.77s | train_loss 103304.9198 | valid mse 3237388.0000
| end of epoch   3 | time:  2.88s | train_loss 79797.4738 | valid mse 612086.5625
| end of epoch   4 | time:  2.84s | train_loss 30375.3624 | valid mse 375038.3438
| end of epoch   5 | time:  2.80s | train_loss 11119.6069 | valid mse 65559.7812
| end of epoch   6 | time:  2.75s | train_loss 1093.0889 | valid mse 3084.5713
| end of epoch   7 | time:  2.78s | train_loss 868.6253 | valid mse 10327.7910
| end of epoch   8 | time:  2.85s | train_loss 1341.6029 | valid mse 15901.5186
| end of epoch   9 | time:  2.77s | train_loss 347.3476 | valid mse 371.7435
| end of epoch  10 | time:  2.70s | train_loss 157.3623 | valid mse 635.1849
| end of epoch  11 | time:  2.68s | train_loss 66.5402 | valid mse 379.7917
| end of epoch  12 | time:  2.67s | train_loss 34.3073 | valid mse 40.9013
| end of epoch  13 | time:  2.70s | train_loss 8.0428 | valid mse 47.4544
| end of epoch  14 | time:  2.67s | train_loss 12.5260 | valid mse 39.0562
| end of epoch  15 | time:  2.83s | train_loss 106.8419 | valid mse 33.1102
| end of epoch  16 | time:  2.84s | train_loss 8.4057 | valid mse 196.8079
| end of epoch  17 | time:  2.70s | train_loss 6.4159 | valid mse 73.4941
| end of epoch  18 | time:  2.68s | train_loss 15.0684 | valid mse 59.5133
| end of epoch  19 | time:  2.68s | train_loss 4.5823 | valid mse 50.8834
| end of epoch  20 | time:  2.65s | train_loss 6.3774 | valid mse 218.9528
| end of epoch  21 | time:  2.86s | train_loss 3.2865 | valid mse 59.5001
| end of epoch  22 | time:  2.86s | train_loss 6.3679 | valid mse 52.9059
| end of epoch  23 | time:  2.90s | train_loss 3.0815 | valid mse 57.5307
| end of epoch  24 | time:  2.88s | train_loss 8.4571 | valid mse 62.5497
| end of epoch  25 | time:  2.91s | train_loss 3.0262 | valid mse 56.7736
| end of epoch  26 | time:  2.82s | train_loss 2.9614 | valid mse 56.6976
| end of epoch  27 | time:  2.86s | train_loss 3.3341 | valid mse 194.6136
| end of epoch  28 | time:  2.92s | train_loss 3.2209 | valid mse 57.5232
| end of epoch  29 | time:  2.88s | train_loss 2.9691 | valid mse 56.2402
| end of epoch  30 | time:  2.90s | train_loss 2.9479 | valid mse 56.0719
| end of epoch  31 | time:  2.85s | train_loss 3.1213 | valid mse 56.1345
| end of epoch  32 | time:  2.77s | train_loss 2.9018 | valid mse 57.3924
| end of epoch  33 | time:  2.81s | train_loss 2.9356 | valid mse 55.7380
| end of epoch  34 | time:  2.80s | train_loss 2.9095 | valid mse 55.9945
| end of epoch  35 | time:  2.74s | train_loss 3.0445 | valid mse 886.3270
early stop at epoch: 0035
MAE  :
horizon-0  :  28.122337341308594
all  :  28.122337341308594
MSE  :
horizon-0  :  1834.4534912109375
all  :  1834.4534912109375
RMSE  :
horizon-0  :  42.83052062988281
all  :  42.83052062988281
masked_MAPE  :
horizon-0  :  391.75403118133545
all  :  391.75403118133545
StemGNN_MAPE  :
horizon-0  :  381.54889537730196
all  :  381.54889537730196
PCC  :
horizon-0  :  0.6569530544286677
all  :  0.6569530544286677
node_wise_PCC  :
horizon-0  :  0.2270614355802536
all  :  0.2270614355802536
x shape:  (2328, 12, 72, 1) , y shape:  (2328, 1, 72, 1)
NoneScaler
(4, 180, 72)
The calculation of time series is done!
Total route number:  72
Sparsity of adj:  0.013888888888888888
The weighted matrix of temporal graph is generated!
The shape of localized adjacency matrix: (288, 288)
begin training
| end of epoch   1 | time:  2.97s | train_loss 17719.3767 | valid mse 108887.8672
| end of epoch   2 | time:  2.73s | train_loss 10562.8639 | valid mse 126055.0469
| end of epoch   3 | time:  2.76s | train_loss 20662.3071 | valid mse 9454.6914
| end of epoch   4 | time:  2.76s | train_loss 616.3752 | valid mse 4412.3882
| end of epoch   5 | time:  2.77s | train_loss 312.1892 | valid mse 66.2468
| end of epoch   6 | time:  2.73s | train_loss 212.3671 | valid mse 103.7091
| end of epoch   7 | time:  2.70s | train_loss 424.7735 | valid mse 1581.3270
| end of epoch   8 | time:  2.75s | train_loss 88.6660 | valid mse 184.2037
| end of epoch   9 | time:  2.77s | train_loss 20.2107 | valid mse 242.0422
| end of epoch  10 | time:  2.73s | train_loss 11.2264 | valid mse 5.5847
| end of epoch  11 | time:  2.70s | train_loss 4.3908 | valid mse 7.4447
| end of epoch  12 | time:  2.71s | train_loss 13.4215 | valid mse 12.7611
| end of epoch  13 | time:  2.67s | train_loss 6.2604 | valid mse 12.6896
| end of epoch  14 | time:  2.70s | train_loss 4.3145 | valid mse 5.4905
| end of epoch  15 | time:  2.88s | train_loss 10.4740 | valid mse 17.8476
| end of epoch  16 | time:  2.87s | train_loss 3.6726 | valid mse 26.1053
| end of epoch  17 | time:  5.23s | train_loss 1.8748 | valid mse 4.4233
| end of epoch  18 | time:  6.59s | train_loss 2.5106 | valid mse 15.8675
| end of epoch  19 | time:  7.13s | train_loss 3.9244 | valid mse 7.3609
| end of epoch  20 | time:  7.43s | train_loss 3.7815 | valid mse 4.7326
| end of epoch  21 | time:  7.95s | train_loss 1.7209 | valid mse 12.1928
| end of epoch  22 | time:  6.94s | train_loss 1.6553 | valid mse 3.7679
| end of epoch  23 | time:  6.61s | train_loss 1.3745 | valid mse 2.1559
| end of epoch  24 | time:  6.92s | train_loss 1.2114 | valid mse 3.4271
| end of epoch  25 | time:  7.26s | train_loss 1.5473 | valid mse 2.3629
| end of epoch  26 | time:  7.14s | train_loss 0.7163 | valid mse 2.2840
| end of epoch  27 | time:  6.90s | train_loss 0.7571 | valid mse 2.1146
| end of epoch  28 | time:  6.80s | train_loss 0.8773 | valid mse 1.4975
| end of epoch  29 | time:  7.37s | train_loss 0.7015 | valid mse 4.0399
| end of epoch  30 | time:  6.73s | train_loss 1.0471 | valid mse 1.4580
| end of epoch  31 | time:  7.31s | train_loss 0.5552 | valid mse 2.3090
| end of epoch  32 | time:  7.06s | train_loss 0.5470 | valid mse 1.3010
| end of epoch  33 | time:  7.60s | train_loss 0.5214 | valid mse 1.1934
| end of epoch  34 | time:  7.46s | train_loss 0.4960 | valid mse 1.5965
| end of epoch  35 | time:  6.84s | train_loss 0.5132 | valid mse 3.3995
| end of epoch  36 | time:  7.24s | train_loss 1.7876 | valid mse 15.3816
| end of epoch  37 | time:  7.04s | train_loss 1.0407 | valid mse 2.1515
| end of epoch  38 | time:  6.47s | train_loss 0.6250 | valid mse 2.5871
| end of epoch  39 | time:  6.48s | train_loss 0.4883 | valid mse 1.2370
| end of epoch  40 | time:  6.50s | train_loss 0.4822 | valid mse 1.9856
| end of epoch  41 | time:  6.60s | train_loss 0.4707 | valid mse 1.6755
| end of epoch  42 | time:  6.60s | train_loss 0.4201 | valid mse 1.1518
| end of epoch  43 | time:  7.08s | train_loss 0.4024 | valid mse 1.3822
| end of epoch  44 | time:  6.89s | train_loss 0.4200 | valid mse 1.3607
| end of epoch  45 | time:  8.01s | train_loss 0.3815 | valid mse 1.0391
| end of epoch  46 | time:  6.67s | train_loss 0.4170 | valid mse 0.8992
| end of epoch  47 | time:  7.45s | train_loss 0.4514 | valid mse 1.1799
| end of epoch  48 | time:  6.58s | train_loss 0.3931 | valid mse 0.9453
| end of epoch  49 | time:  7.53s | train_loss 0.3477 | valid mse 0.8618
| end of epoch  50 | time:  7.49s | train_loss 0.3600 | valid mse 1.5675
| end of epoch  51 | time:  7.45s | train_loss 0.3850 | valid mse 0.9738
| end of epoch  52 | time:  7.05s | train_loss 0.3525 | valid mse 0.9930
| end of epoch  53 | time:  7.19s | train_loss 0.3405 | valid mse 0.8295
| end of epoch  54 | time:  6.51s | train_loss 0.3450 | valid mse 0.9729
| end of epoch  55 | time:  6.87s | train_loss 0.3185 | valid mse 0.9295
| end of epoch  56 | time:  7.51s | train_loss 0.3053 | valid mse 0.7427
| end of epoch  57 | time:  6.97s | train_loss 0.3269 | valid mse 0.8756
| end of epoch  58 | time:  7.65s | train_loss 0.3057 | valid mse 0.7839
| end of epoch  59 | time:  7.26s | train_loss 0.2827 | valid mse 0.7506
| end of epoch  60 | time:  6.78s | train_loss 0.2834 | valid mse 0.7840
| end of epoch  61 | time:  6.65s | train_loss 0.2685 | valid mse 0.7612
| end of epoch  62 | time:  6.62s | train_loss 0.2852 | valid mse 0.7990
| end of epoch  63 | time:  6.69s | train_loss 0.2757 | valid mse 0.7428
| end of epoch  64 | time:  6.95s | train_loss 0.2704 | valid mse 0.9036
| end of epoch  65 | time:  6.77s | train_loss 0.2813 | valid mse 1.2223
| end of epoch  66 | time:  6.87s | train_loss 0.2729 | valid mse 0.7115
| end of epoch  67 | time:  6.62s | train_loss 0.2511 | valid mse 0.7238
| end of epoch  68 | time:  6.42s | train_loss 0.2647 | valid mse 1.0794
| end of epoch  69 | time:  6.73s | train_loss 0.2561 | valid mse 0.6673
| end of epoch  70 | time:  6.74s | train_loss 0.2483 | valid mse 0.8876
| end of epoch  71 | time:  6.35s | train_loss 0.2411 | valid mse 0.7787
| end of epoch  72 | time:  6.55s | train_loss 0.2550 | valid mse 0.6966
| end of epoch  73 | time:  6.98s | train_loss 0.2459 | valid mse 0.7395
| end of epoch  74 | time:  6.35s | train_loss 0.2501 | valid mse 0.6512
| end of epoch  75 | time:  7.14s | train_loss 0.2402 | valid mse 0.6682
| end of epoch  76 | time:  7.37s | train_loss 0.2410 | valid mse 0.6659
| end of epoch  77 | time:  7.15s | train_loss 0.2278 | valid mse 0.7417
| end of epoch  78 | time:  6.83s | train_loss 0.2396 | valid mse 0.6827
| end of epoch  79 | time:  7.13s | train_loss 0.2265 | valid mse 0.6853
| end of epoch  80 | time:  7.47s | train_loss 0.2377 | valid mse 0.8926
| end of epoch  81 | time:  6.85s | train_loss 0.2238 | valid mse 0.6705
| end of epoch  82 | time:  6.81s | train_loss 0.2182 | valid mse 0.6366
| end of epoch  83 | time:  7.58s | train_loss 0.2295 | valid mse 0.7334
| end of epoch  84 | time:  7.15s | train_loss 0.2294 | valid mse 0.8055
| end of epoch  85 | time:  7.46s | train_loss 0.2132 | valid mse 0.8059
| end of epoch  86 | time:  7.37s | train_loss 0.2227 | valid mse 0.6375
| end of epoch  87 | time:  7.36s | train_loss 0.2194 | valid mse 0.7422
| end of epoch  88 | time:  7.17s | train_loss 0.2070 | valid mse 0.6253
| end of epoch  89 | time:  7.18s | train_loss 0.2026 | valid mse 0.8195
| end of epoch  90 | time:  7.37s | train_loss 0.2088 | valid mse 0.6319
| end of epoch  91 | time:  7.06s | train_loss 0.2029 | valid mse 0.8791
| end of epoch  92 | time:  6.87s | train_loss 0.3262 | valid mse 0.8262
| end of epoch  93 | time:  6.76s | train_loss 0.2265 | valid mse 0.8337
| end of epoch  94 | time:  6.45s | train_loss 0.2165 | valid mse 0.8290
| end of epoch  95 | time:  6.97s | train_loss 0.2078 | valid mse 0.8548
| end of epoch  96 | time:  6.88s | train_loss 0.1968 | valid mse 0.6945
| end of epoch  97 | time:  6.46s | train_loss 0.1951 | valid mse 0.7022
| end of epoch  98 | time:  6.49s | train_loss 0.1964 | valid mse 0.6884
| end of epoch  99 | time:  6.54s | train_loss 0.1873 | valid mse 0.6826
| end of epoch 100 | time:  6.66s | train_loss 0.1892 | valid mse 0.7030
MAE  :
horizon-0  :  0.3878435790538788
all  :  0.3878435790538788
MSE  :
horizon-0  :  0.43184879422187805
all  :  0.43184879422187805
RMSE  :
horizon-0  :  0.6571520566940308
all  :  0.6571520566940308
masked_MAPE  :
horizon-0  :  43.26314032077789
all  :  43.26314032077789
StemGNN_MAPE  :
horizon-0  :  307.5231802351354
all  :  307.5231802351354
PCC  :
horizon-0  :  0.9085827706193051
all  :  0.9085827706193051
node_wise_PCC  :
horizon-0  :  0.5052015781402588
all  :  0.5052015781402588
x shape:  (2328, 12, 72, 1) , y shape:  (2328, 1, 72, 1)
NoneScaler
(4, 180, 72)
The calculation of time series is done!
Total route number:  72
Sparsity of adj:  0.013888888888888888
The weighted matrix of temporal graph is generated!
The shape of localized adjacency matrix: (288, 288)
begin training
| end of epoch   1 | time:  5.08s | train_loss 10989.8117 | valid mse 93147.2969
| end of epoch   2 | time:  2.94s | train_loss 11693.9097 | valid mse 5449.1821
| end of epoch   3 | time:  2.86s | train_loss 11913.8085 | valid mse 8593.4824
| end of epoch   4 | time:  2.87s | train_loss 2527.9505 | valid mse 1375.6429
| end of epoch   5 | time:  2.69s | train_loss 433.3678 | valid mse 14.0291
| end of epoch   6 | time:  2.68s | train_loss 519.7362 | valid mse 2151.8054
| end of epoch   7 | time:  2.73s | train_loss 971.1780 | valid mse 12283.7559
| end of epoch   8 | time:  2.70s | train_loss 1074.5113 | valid mse 290.1067
| end of epoch   9 | time:  2.71s | train_loss 405.4752 | valid mse 1218.4503
| end of epoch  10 | time:  2.73s | train_loss 967.5368 | valid mse 447.5317
| end of epoch  11 | time:  2.68s | train_loss 690.7456 | valid mse 181.7820
| end of epoch  12 | time:  2.71s | train_loss 73.5869 | valid mse 321.5087
| end of epoch  13 | time:  2.65s | train_loss 18.4637 | valid mse 3.0778
| end of epoch  14 | time:  2.64s | train_loss 4.8418 | valid mse 2.8358
| end of epoch  15 | time:  2.62s | train_loss 10.2888 | valid mse 36.0046
| end of epoch  16 | time:  2.68s | train_loss 56.1918 | valid mse 29.9514
| end of epoch  17 | time:  2.73s | train_loss 8.6750 | valid mse 4.4469
| end of epoch  18 | time:  2.74s | train_loss 1.9653 | valid mse 4.3952
| end of epoch  19 | time:  2.76s | train_loss 3.6053 | valid mse 2.8307
| end of epoch  20 | time:  2.73s | train_loss 1.0942 | valid mse 2.3332
| end of epoch  21 | time:  2.75s | train_loss 0.9741 | valid mse 2.1548
| end of epoch  22 | time:  2.85s | train_loss 0.9737 | valid mse 4.7165
| end of epoch  23 | time:  2.73s | train_loss 0.9344 | valid mse 9.5111
| end of epoch  24 | time:  2.75s | train_loss 1.3043 | valid mse 1.5213
| end of epoch  25 | time:  2.77s | train_loss 0.8318 | valid mse 1.6075
| end of epoch  26 | time:  2.79s | train_loss 0.9629 | valid mse 1.5883
| end of epoch  27 | time:  2.88s | train_loss 0.6814 | valid mse 1.3130
| end of epoch  28 | time:  2.85s | train_loss 1.3021 | valid mse 4.0064
| end of epoch  29 | time:  2.71s | train_loss 0.5984 | valid mse 0.9646
| end of epoch  30 | time:  2.63s | train_loss 0.5114 | valid mse 0.8877
| end of epoch  31 | time:  2.62s | train_loss 0.8067 | valid mse 1.1986
| end of epoch  32 | time:  2.68s | train_loss 0.7131 | valid mse 1.5613
| end of epoch  33 | time:  2.77s | train_loss 0.4910 | valid mse 0.7797
| end of epoch  34 | time:  2.84s | train_loss 0.4894 | valid mse 0.7267
| end of epoch  35 | time:  2.86s | train_loss 0.3802 | valid mse 0.6779
| end of epoch  36 | time:  2.74s | train_loss 0.4307 | valid mse 0.8505
| end of epoch  37 | time:  2.76s | train_loss 0.4724 | valid mse 0.7023
| end of epoch  38 | time:  2.98s | train_loss 0.3732 | valid mse 0.6493
| end of epoch  39 | time:  2.91s | train_loss 0.3495 | valid mse 0.6959
| end of epoch  40 | time:  2.89s | train_loss 0.3618 | valid mse 0.7374
| end of epoch  41 | time:  2.89s | train_loss 0.3723 | valid mse 0.7576
| end of epoch  42 | time:  2.88s | train_loss 0.3631 | valid mse 0.7356
| end of epoch  43 | time:  2.84s | train_loss 0.3545 | valid mse 0.7507
| end of epoch  44 | time:  2.89s | train_loss 0.3721 | valid mse 1.6838
| end of epoch  45 | time:  2.91s | train_loss 0.5057 | valid mse 0.7884
| end of epoch  46 | time:  2.88s | train_loss 0.6819 | valid mse 2.9913
| end of epoch  47 | time:  2.84s | train_loss 2.3246 | valid mse 2.0481
| end of epoch  48 | time:  2.80s | train_loss 3.9300 | valid mse 5.0599
| end of epoch  49 | time:  2.76s | train_loss 2.8374 | valid mse 2.4703
| end of epoch  50 | time:  2.68s | train_loss 1.0768 | valid mse 3.7921
| end of epoch  51 | time:  2.66s | train_loss 1.5594 | valid mse 2.3793
| end of epoch  52 | time:  2.65s | train_loss 0.7326 | valid mse 1.2768
| end of epoch  53 | time:  2.91s | train_loss 0.6222 | valid mse 1.5704
| end of epoch  54 | time:  2.75s | train_loss 0.5179 | valid mse 0.9012
| end of epoch  55 | time:  2.69s | train_loss 0.6819 | valid mse 1.4583
| end of epoch  56 | time:  2.72s | train_loss 0.4744 | valid mse 1.0539
| end of epoch  57 | time:  2.67s | train_loss 0.4272 | valid mse 0.9804
| end of epoch  58 | time:  2.70s | train_loss 0.4274 | valid mse 1.6404
early stop at epoch: 0058
MAE  :
horizon-0  :  0.5411552786827087
all  :  0.5411552786827087
MSE  :
horizon-0  :  0.8054852485656738
all  :  0.8054852485656738
RMSE  :
horizon-0  :  0.8974882960319519
all  :  0.8974882960319519
masked_MAPE  :
horizon-0  :  62.63951659202576
all  :  62.63951659202576
StemGNN_MAPE  :
horizon-0  :  323.22619162613233
all  :  323.22619162613233
PCC  :
horizon-0  :  0.7412528681730549
all  :  0.7412528681730549
node_wise_PCC  :
horizon-0  :  0.2926400899887085
all  :  0.2926400899887085