The calculation of time series is done!
Total route number:  24
Sparsity of adj:  0.041666666666666664
The weighted matrix of temporal graph is generated!
The shape of localized adjacency matrix: (96, 96)
begin training
| end of epoch   1 | time: 10.97s | train_loss 221595.7634 | valid mse 3784.8108
| end of epoch   2 | time:  9.80s | train_loss 76541.1163 | valid mse 2039.5905
| end of epoch   3 | time:  9.82s | train_loss 69814.1863 | valid mse 2947.2856
| end of epoch   4 | time: 11.16s | train_loss 89951.7644 | valid mse 2267.9473
| end of epoch   5 | time: 11.77s | train_loss 57452.7777 | valid mse 2247.2900
| end of epoch   6 | time: 11.66s | train_loss 27049.9584 | valid mse 990.0344
| end of epoch   7 | time: 10.28s | train_loss 21546.1660 | valid mse 591.4182
| end of epoch   8 | time: 10.34s | train_loss 12246.1581 | valid mse 748.7352
| end of epoch   9 | time: 10.34s | train_loss 7239.0829 | valid mse 409.0324
| end of epoch  10 | time: 10.65s | train_loss 5117.8071 | valid mse 290.3120
| end of epoch  11 | time: 10.94s | train_loss 5622.0589 | valid mse 944.6754
| end of epoch  12 | time: 15.54s | train_loss 6522.6017 | valid mse 468.0465
| end of epoch  13 | time: 10.56s | train_loss 8086.0870 | valid mse 446.3685
| end of epoch  14 | time: 10.69s | train_loss 3594.5300 | valid mse 186.3503
| end of epoch  15 | time: 11.93s | train_loss 3370.1566 | valid mse 329.9387
| end of epoch  16 | time: 11.92s | train_loss 2839.6604 | valid mse 202.0468
| end of epoch  17 | time: 11.19s | train_loss 1977.9503 | valid mse 105.8176
| end of epoch  18 | time: 10.12s | train_loss 1899.3955 | valid mse 74.2872
| end of epoch  19 | time:  9.95s | train_loss 1680.0651 | valid mse 77.9374
| end of epoch  20 | time: 10.38s | train_loss 1270.1628 | valid mse 78.0895
| end of epoch  21 | time: 10.77s | train_loss 1395.4217 | valid mse 232.0743
| end of epoch  22 | time: 10.55s | train_loss 2833.5513 | valid mse 82.1583
| end of epoch  23 | time:  9.89s | train_loss 1046.2422 | valid mse 51.3475
| end of epoch  24 | time: 10.28s | train_loss 969.7210 | valid mse 43.6939
| end of epoch  25 | time: 10.91s | train_loss 846.4290 | valid mse 68.9468
| end of epoch  26 | time: 10.95s | train_loss 875.1638 | valid mse 72.0947
| end of epoch  27 | time: 11.02s | train_loss 742.4474 | valid mse 85.4155
| end of epoch  28 | time: 11.89s | train_loss 952.5283 | valid mse 74.3729
| end of epoch  29 | time: 10.64s | train_loss 1206.1047 | valid mse 46.1130
| end of epoch  30 | time: 10.78s | train_loss 1211.4622 | valid mse 224.2710
| end of epoch  31 | time: 11.08s | train_loss 853.3415 | valid mse 179.0600
| end of epoch  32 | time: 11.13s | train_loss 1261.7433 | valid mse 75.6205
| end of epoch  33 | time: 10.75s | train_loss 636.9145 | valid mse 88.4302
| end of epoch  34 | time: 11.06s | train_loss 638.8365 | valid mse 21.9263
| end of epoch  35 | time: 10.82s | train_loss 452.7281 | valid mse 27.8708
| end of epoch  36 | time: 11.44s | train_loss 482.6996 | valid mse 26.6135
| end of epoch  37 | time: 12.06s | train_loss 477.7373 | valid mse 73.2391
| end of epoch  38 | time: 10.86s | train_loss 754.6285 | valid mse 53.2257
| end of epoch  39 | time: 10.92s | train_loss 1218.3506 | valid mse 87.0813
| end of epoch  40 | time: 10.51s | train_loss 864.9581 | valid mse 116.6835
| end of epoch  41 | time: 10.79s | train_loss 619.9097 | valid mse 60.2427
| end of epoch  42 | time: 10.44s | train_loss 418.7113 | valid mse 31.4878
| end of epoch  43 | time: 10.64s | train_loss 481.2498 | valid mse 53.1879
| end of epoch  44 | time: 11.02s | train_loss 493.0494 | valid mse 43.4274
| end of epoch  45 | time: 10.27s | train_loss 505.0795 | valid mse 34.5785
| end of epoch  46 | time: 10.19s | train_loss 336.6743 | valid mse 41.3418
| end of epoch  47 | time: 10.60s | train_loss 515.1922 | valid mse 27.1715
| end of epoch  48 | time: 11.38s | train_loss 453.6467 | valid mse 53.4370
| end of epoch  49 | time: 11.65s | train_loss 450.5382 | valid mse 62.7986
| end of epoch  50 | time: 11.61s | train_loss 658.1639 | valid mse 58.7231
| end of epoch  51 | time: 10.48s | train_loss 435.0042 | valid mse 45.3915
| end of epoch  52 | time: 10.43s | train_loss 557.7438 | valid mse 42.6949
| end of epoch  53 | time: 10.28s | train_loss 492.4681 | valid mse 29.1094
| end of epoch  54 | time: 11.00s | train_loss 390.8924 | valid mse 57.6162
| end of epoch  55 | time: 10.72s | train_loss 425.0487 | valid mse 53.4008
| end of epoch  56 | time: 11.04s | train_loss 732.3904 | valid mse 57.6343
| end of epoch  57 | time: 10.73s | train_loss 385.9258 | valid mse 25.9499
| end of epoch  58 | time: 11.14s | train_loss 348.4807 | valid mse 87.7719
| end of epoch  59 | time: 12.05s | train_loss 391.2243 | valid mse 37.4378
| end of epoch  60 | time: 11.64s | train_loss 331.4068 | valid mse 16.5842
| end of epoch  61 | time: 11.77s | train_loss 342.8351 | valid mse 32.6628
| end of epoch  62 | time: 10.21s | train_loss 339.5924 | valid mse 32.8548
| end of epoch  63 | time: 10.74s | train_loss 275.9363 | valid mse 20.8420
| end of epoch  64 | time: 10.19s | train_loss 241.9000 | valid mse 23.4794
| end of epoch  65 | time: 10.35s | train_loss 282.8325 | valid mse 22.8258
| end of epoch  66 | time: 10.40s | train_loss 313.9282 | valid mse 33.3637
| end of epoch  67 | time: 10.77s | train_loss 319.9457 | valid mse 17.0669
| end of epoch  68 | time: 10.54s | train_loss 270.9115 | valid mse 38.4114
| end of epoch  69 | time: 10.53s | train_loss 275.1902 | valid mse 20.4447
| end of epoch  70 | time: 10.94s | train_loss 283.5749 | valid mse 74.7702
| end of epoch  71 | time: 11.44s | train_loss 333.9157 | valid mse 19.2196
| end of epoch  72 | time: 11.25s | train_loss 287.2868 | valid mse 21.1735
| end of epoch  73 | time: 10.95s | train_loss 292.4611 | valid mse 54.8760
| end of epoch  74 | time: 10.79s | train_loss 261.2194 | valid mse 23.2970
| end of epoch  75 | time: 10.90s | train_loss 276.3235 | valid mse 19.3352
| end of epoch  76 | time: 10.82s | train_loss 251.7923 | valid mse 14.1024
| end of epoch  77 | time: 10.83s | train_loss 237.7621 | valid mse 33.8706
| end of epoch  78 | time: 10.85s | train_loss 256.0693 | valid mse 19.1261
| end of epoch  79 | time: 10.71s | train_loss 216.2598 | valid mse 17.8732
| end of epoch  80 | time: 10.84s | train_loss 244.3020 | valid mse 14.9605
| end of epoch  81 | time: 11.78s | train_loss 233.9492 | valid mse 17.4888
| end of epoch  82 | time: 10.85s | train_loss 254.3660 | valid mse 15.0174
| end of epoch  83 | time: 12.05s | train_loss 254.2536 | valid mse 14.9893
| end of epoch  84 | time: 11.67s | train_loss 198.6880 | valid mse 13.8676
| end of epoch  85 | time: 11.56s | train_loss 162.0739 | valid mse 14.8214
| end of epoch  86 | time: 10.77s | train_loss 167.8418 | valid mse 15.8549
| end of epoch  87 | time: 10.24s | train_loss 165.9608 | valid mse 15.2956
| end of epoch  88 | time: 10.53s | train_loss 161.5998 | valid mse 11.8444
| end of epoch  89 | time: 10.44s | train_loss 210.6059 | valid mse 14.1303
| end of epoch  90 | time: 10.22s | train_loss 204.6500 | valid mse 13.5426
| end of epoch  91 | time: 10.62s | train_loss 176.0537 | valid mse 10.7753
| end of epoch  92 | time: 11.52s | train_loss 153.7953 | valid mse 12.6973
| end of epoch  93 | time: 11.51s | train_loss 159.9818 | valid mse 51.6560
| end of epoch  94 | time: 11.56s | train_loss 194.9966 | valid mse 116.5950
| end of epoch  95 | time: 10.95s | train_loss 244.9717 | valid mse 67.5441
| end of epoch  96 | time: 10.83s | train_loss 258.0350 | valid mse 19.8625
| end of epoch  97 | time: 11.08s | train_loss 182.9452 | valid mse 23.6420
| end of epoch  98 | time: 10.97s | train_loss 181.7630 | valid mse 12.7144
| end of epoch  99 | time: 10.98s | train_loss 152.4221 | valid mse 14.1528
| end of epoch 100 | time: 10.97s | train_loss 156.2640 | valid mse 10.2499
| end of epoch 101 | time: 10.72s | train_loss 151.3642 | valid mse 11.5631
| end of epoch 102 | time: 10.46s | train_loss 141.8944 | valid mse 13.9899
| end of epoch 103 | time: 11.96s | train_loss 158.7928 | valid mse 14.6044
| end of epoch 104 | time: 11.86s | train_loss 133.2897 | valid mse 12.7234
| end of epoch 105 | time: 11.23s | train_loss 132.4918 | valid mse 10.0362
| end of epoch 106 | time: 10.16s | train_loss 146.3851 | valid mse 9.5876
| end of epoch 107 | time:  9.96s | train_loss 143.4849 | valid mse 13.8163
| end of epoch 108 | time: 10.52s | train_loss 167.0346 | valid mse 27.7615
| end of epoch 109 | time: 11.02s | train_loss 163.2575 | valid mse 12.0471
| end of epoch 110 | time: 10.80s | train_loss 150.2165 | valid mse 22.9275
| end of epoch 111 | time: 10.53s | train_loss 177.8857 | valid mse 14.8718
| end of epoch 112 | time: 10.55s | train_loss 169.7012 | valid mse 11.5040
| end of epoch 113 | time: 10.65s | train_loss 148.3996 | valid mse 20.9530
| end of epoch 114 | time: 11.18s | train_loss 125.6613 | valid mse 14.6780
| end of epoch 115 | time: 11.18s | train_loss 161.2503 | valid mse 40.4702
| end of epoch 116 | time: 11.45s | train_loss 208.5965 | valid mse 18.7458
| end of epoch 117 | time: 10.89s | train_loss 181.9122 | valid mse 17.4652
| end of epoch 118 | time: 10.50s | train_loss 151.0881 | valid mse 12.7226
| end of epoch 119 | time: 10.70s | train_loss 136.9262 | valid mse 12.2603
| end of epoch 120 | time: 10.89s | train_loss 159.9805 | valid mse 10.2632
| end of epoch 121 | time: 10.99s | train_loss 136.1833 | valid mse 11.1208
| end of epoch 122 | time: 11.02s | train_loss 142.2248 | valid mse 10.1359
| end of epoch 123 | time: 10.94s | train_loss 161.8001 | valid mse 11.0358
| end of epoch 124 | time: 10.78s | train_loss 135.2706 | valid mse 11.2445
| end of epoch 125 | time: 11.28s | train_loss 129.0317 | valid mse 10.2975
| end of epoch 126 | time: 11.58s | train_loss 126.1445 | valid mse 9.8775
| end of epoch 127 | time: 11.45s | train_loss 115.7267 | valid mse 9.1361
| end of epoch 128 | time: 10.68s | train_loss 130.6668 | valid mse 13.0472
| end of epoch 129 | time: 10.41s | train_loss 105.6971 | valid mse 13.0875
| end of epoch 130 | time: 10.68s | train_loss 108.7127 | valid mse 9.8042
| end of epoch 131 | time: 10.72s | train_loss 102.6287 | valid mse 8.4058
| end of epoch 132 | time: 10.86s | train_loss 110.7184 | valid mse 9.3881
| end of epoch 133 | time: 10.31s | train_loss 101.5106 | valid mse 8.5006
| end of epoch 134 | time: 10.32s | train_loss 118.7273 | valid mse 9.6544
| end of epoch 135 | time: 10.66s | train_loss 114.3862 | valid mse 9.6922
| end of epoch 136 | time: 11.00s | train_loss 101.7655 | valid mse 8.6580
| end of epoch 137 | time: 11.25s | train_loss 101.7807 | valid mse 10.5887
| end of epoch 138 | time: 11.24s | train_loss 93.4015 | valid mse 8.5935
| end of epoch 139 | time: 10.81s | train_loss 97.2011 | valid mse 8.3036
| end of epoch 140 | time: 10.90s | train_loss 90.8843 | valid mse 9.1585
| end of epoch 141 | time: 10.71s | train_loss 119.3712 | valid mse 9.2682
| end of epoch 142 | time: 11.18s | train_loss 111.4708 | valid mse 8.8488
| end of epoch 143 | time: 10.81s | train_loss 96.5742 | valid mse 8.2128
| end of epoch 144 | time: 10.94s | train_loss 89.5057 | valid mse 8.1665
| end of epoch 145 | time: 10.76s | train_loss 85.2985 | valid mse 8.4985
| end of epoch 146 | time: 10.93s | train_loss 81.4471 | valid mse 7.3302
| end of epoch 147 | time: 11.55s | train_loss 93.9684 | valid mse 8.7310
| end of epoch 148 | time: 11.89s | train_loss 86.3142 | valid mse 9.0571
| end of epoch 149 | time: 11.65s | train_loss 99.6144 | valid mse 8.7682
| end of epoch 150 | time: 11.64s | train_loss 88.4559 | valid mse 7.6690
| end of epoch 151 | time: 11.13s | train_loss 90.3191 | valid mse 12.0190
| end of epoch 152 | time: 10.47s | train_loss 84.6672 | valid mse 8.4007
| end of epoch 153 | time: 10.41s | train_loss 87.2663 | valid mse 8.6086
| end of epoch 154 | time: 10.30s | train_loss 83.5548 | valid mse 7.9862
| end of epoch 155 | time: 10.32s | train_loss 106.9770 | valid mse 8.2069
| end of epoch 156 | time: 10.61s | train_loss 91.6069 | valid mse 7.4248
| end of epoch 157 | time: 10.09s | train_loss 90.5547 | valid mse 7.1123
| end of epoch 158 | time: 11.53s | train_loss 88.0084 | valid mse 7.6013
| end of epoch 159 | time: 11.50s | train_loss 89.3364 | valid mse 7.9330
| end of epoch 160 | time: 11.36s | train_loss 90.5944 | valid mse 8.8142
| end of epoch 161 | time: 10.57s | train_loss 87.5612 | valid mse 8.6184
| end of epoch 162 | time: 10.65s | train_loss 88.1002 | valid mse 7.9006
| end of epoch 163 | time: 10.69s | train_loss 92.4939 | valid mse 7.4804
| end of epoch 164 | time: 10.75s | train_loss 81.5328 | valid mse 7.2398
| end of epoch 165 | time: 10.52s | train_loss 86.3843 | valid mse 6.9698
| end of epoch 166 | time: 10.50s | train_loss 80.2538 | valid mse 6.9057
| end of epoch 167 | time: 10.60s | train_loss 74.0777 | valid mse 7.0908
| end of epoch 168 | time: 11.46s | train_loss 80.5924 | valid mse 6.9866
| end of epoch 169 | time: 11.85s | train_loss 75.8010 | valid mse 6.8190
| end of epoch 170 | time: 11.56s | train_loss 74.5308 | valid mse 7.1531
| end of epoch 171 | time: 11.40s | train_loss 79.1310 | valid mse 6.8378
| end of epoch 172 | time: 10.06s | train_loss 79.4451 | valid mse 6.7442
| end of epoch 173 | time: 10.24s | train_loss 79.2707 | valid mse 6.7261
| end of epoch 174 | time: 10.51s | train_loss 71.6677 | valid mse 6.6793
| end of epoch 175 | time: 10.42s | train_loss 80.8199 | valid mse 6.7231
| end of epoch 176 | time: 10.61s | train_loss 77.2770 | valid mse 6.8216
| end of epoch 177 | time: 10.47s | train_loss 78.6705 | valid mse 6.6739
| end of epoch 178 | time: 10.09s | train_loss 72.0939 | valid mse 6.5972
| end of epoch 179 | time: 10.17s | train_loss 71.5530 | valid mse 7.2564
| end of epoch 180 | time: 11.25s | train_loss 72.7252 | valid mse 6.8941
| end of epoch 181 | time: 11.31s | train_loss 68.7436 | valid mse 9.0839
| end of epoch 182 | time: 11.35s | train_loss 79.8233 | valid mse 6.6544
| end of epoch 183 | time: 10.95s | train_loss 83.0889 | valid mse 6.9553
| end of epoch 184 | time: 11.26s | train_loss 74.3938 | valid mse 6.6749
| end of epoch 185 | time: 10.82s | train_loss 70.3801 | valid mse 6.8818
| end of epoch 186 | time: 10.51s | train_loss 72.5341 | valid mse 6.5197
| end of epoch 187 | time: 11.01s | train_loss 71.8426 | valid mse 7.3643
| end of epoch 188 | time: 10.47s | train_loss 78.9921 | valid mse 6.7015
| end of epoch 189 | time: 11.12s | train_loss 74.2230 | valid mse 6.8476
| end of epoch 190 | time: 11.00s | train_loss 69.9726 | valid mse 6.9046
| end of epoch 191 | time: 11.91s | train_loss 70.6257 | valid mse 6.2203
| end of epoch 192 | time: 11.43s | train_loss 70.2143 | valid mse 6.2691
| end of epoch 193 | time: 11.73s | train_loss 70.4723 | valid mse 7.5516
| end of epoch 194 | time: 10.34s | train_loss 73.0044 | valid mse 7.4549
| end of epoch 195 | time: 10.56s | train_loss 82.5245 | valid mse 9.4914
| end of epoch 196 | time: 10.00s | train_loss 73.6985 | valid mse 11.7006
| end of epoch 197 | time: 10.69s | train_loss 70.5449 | valid mse 6.7564
| end of epoch 198 | time: 10.45s | train_loss 71.9229 | valid mse 6.9604
| end of epoch 199 | time: 10.36s | train_loss 70.9038 | valid mse 6.9778
| end of epoch 200 | time: 10.31s | train_loss 70.5885 | valid mse 6.8122
| end of epoch 201 | time:  9.99s | train_loss 71.2196 | valid mse 7.3038
| end of epoch 202 | time: 10.78s | train_loss 69.9495 | valid mse 6.9935
| end of epoch 203 | time: 11.36s | train_loss 68.7392 | valid mse 6.1905
| end of epoch 204 | time: 11.32s | train_loss 71.4460 | valid mse 6.7716
| end of epoch 205 | time: 10.76s | train_loss 71.5009 | valid mse 6.3281
| end of epoch 206 | time: 10.75s | train_loss 68.7681 | valid mse 6.1137
| end of epoch 207 | time: 10.88s | train_loss 69.8861 | valid mse 6.6203
| end of epoch 208 | time: 10.69s | train_loss 69.5169 | valid mse 6.3468
| end of epoch 209 | time: 10.96s | train_loss 69.0243 | valid mse 9.0536
| end of epoch 210 | time: 10.89s | train_loss 70.7463 | valid mse 7.1331
| end of epoch 211 | time: 10.64s | train_loss 71.7360 | valid mse 6.4692
| end of epoch 212 | time: 10.87s | train_loss 68.6755 | valid mse 6.3930
| end of epoch 213 | time: 11.45s | train_loss 69.4309 | valid mse 6.5404
| end of epoch 214 | time: 11.45s | train_loss 65.9243 | valid mse 6.0130
| end of epoch 215 | time: 11.60s | train_loss 66.7139 | valid mse 6.1792
| end of epoch 216 | time: 10.32s | train_loss 67.4590 | valid mse 6.4112
| end of epoch 217 | time:  9.93s | train_loss 69.2121 | valid mse 6.2857
| end of epoch 218 | time: 10.01s | train_loss 68.4123 | valid mse 6.1818
| end of epoch 219 | time: 10.37s | train_loss 67.0076 | valid mse 6.0297
| end of epoch 220 | time: 10.28s | train_loss 67.7689 | valid mse 6.3187
| end of epoch 221 | time: 10.43s | train_loss 68.0844 | valid mse 5.9497
| end of epoch 222 | time:  9.93s | train_loss 67.2607 | valid mse 5.9583
| end of epoch 223 | time:  9.90s | train_loss 67.5634 | valid mse 6.8775
| end of epoch 224 | time: 10.12s | train_loss 69.9866 | valid mse 6.1919
| end of epoch 225 | time: 11.67s | train_loss 68.2489 | valid mse 6.0526
| end of epoch 226 | time: 11.46s | train_loss 65.9199 | valid mse 6.0867
| end of epoch 227 | time: 11.15s | train_loss 67.7878 | valid mse 6.4042
| end of epoch 228 | time: 10.88s | train_loss 68.2954 | valid mse 5.9801
| end of epoch 229 | time: 10.24s | train_loss 67.9140 | valid mse 6.0070
| end of epoch 230 | time: 10.54s | train_loss 65.8241 | valid mse 6.0490
| end of epoch 231 | time: 10.49s | train_loss 70.5098 | valid mse 7.2731
| end of epoch 232 | time: 10.76s | train_loss 69.0254 | valid mse 5.9344
| end of epoch 233 | time: 10.48s | train_loss 68.5132 | valid mse 6.3025
| end of epoch 234 | time: 10.75s | train_loss 68.6744 | valid mse 6.1949
| end of epoch 235 | time: 10.58s | train_loss 68.7345 | valid mse 6.0141
| end of epoch 236 | time: 11.92s | train_loss 70.0122 | valid mse 5.9500
| end of epoch 237 | time: 12.12s | train_loss 68.4959 | valid mse 5.9848
| end of epoch 238 | time: 11.02s | train_loss 66.7691 | valid mse 6.1952
| end of epoch 239 | time:  9.91s | train_loss 63.9918 | valid mse 7.3025
| end of epoch 240 | time: 10.03s | train_loss 82.9024 | valid mse 50.8899
| end of epoch 241 | time: 10.12s | train_loss 84.4396 | valid mse 7.1972
| end of epoch 242 | time: 10.44s | train_loss 66.1547 | valid mse 5.8746
| end of epoch 243 | time: 10.27s | train_loss 67.0215 | valid mse 6.1705
| end of epoch 244 | time: 10.00s | train_loss 67.2612 | valid mse 5.9780
| end of epoch 245 | time:  9.83s | train_loss 66.7325 | valid mse 6.0285
| end of epoch 246 | time:  9.77s | train_loss 69.3246 | valid mse 5.9504
| end of epoch 247 | time: 10.72s | train_loss 71.9767 | valid mse 5.8248
| end of epoch 248 | time: 11.63s | train_loss 67.9803 | valid mse 6.5124
| end of epoch 249 | time: 11.34s | train_loss 68.3957 | valid mse 5.8393
| end of epoch 250 | time: 10.32s | train_loss 66.9754 | valid mse 5.7894
| end of epoch 251 | time: 10.62s | train_loss 64.3970 | valid mse 5.7884
| end of epoch 252 | time: 10.82s | train_loss 67.2962 | valid mse 5.7720
| end of epoch 253 | time: 10.63s | train_loss 64.0305 | valid mse 5.7004
| end of epoch 254 | time: 10.55s | train_loss 63.5381 | valid mse 5.6941
| end of epoch 255 | time: 10.57s | train_loss 65.9540 | valid mse 5.7109
| end of epoch 256 | time: 10.48s | train_loss 64.6367 | valid mse 5.7061
| end of epoch 257 | time: 10.56s | train_loss 65.5945 | valid mse 5.7808
| end of epoch 258 | time: 11.45s | train_loss 64.7157 | valid mse 5.5959
| end of epoch 259 | time: 12.08s | train_loss 65.0348 | valid mse 5.6478
| end of epoch 260 | time: 12.18s | train_loss 63.8303 | valid mse 5.6589
| end of epoch 261 | time:  9.77s | train_loss 64.6126 | valid mse 5.6757
| end of epoch 262 | time: 10.10s | train_loss 64.7191 | valid mse 5.5959
| end of epoch 263 | time:  9.89s | train_loss 64.1392 | valid mse 5.5717
| end of epoch 264 | time: 10.32s | train_loss 64.6086 | valid mse 5.5837
| end of epoch 265 | time: 10.47s | train_loss 64.2879 | valid mse 5.5620
| end of epoch 266 | time: 10.34s | train_loss 65.2482 | valid mse 5.5897
| end of epoch 267 | time:  9.86s | train_loss 65.2749 | valid mse 5.6729
| end of epoch 268 | time:  9.79s | train_loss 63.1197 | valid mse 5.5255
| end of epoch 269 | time:  9.85s | train_loss 63.7529 | valid mse 5.5205
| end of epoch 270 | time: 11.72s | train_loss 63.8641 | valid mse 5.9163
| end of epoch 271 | time: 11.87s | train_loss 63.4638 | valid mse 5.5383
| end of epoch 272 | time: 10.97s | train_loss 62.6864 | valid mse 5.5055
| end of epoch 273 | time: 10.24s | train_loss 63.8521 | valid mse 5.5923
| end of epoch 274 | time: 10.56s | train_loss 63.4194 | valid mse 5.4939
| end of epoch 275 | time: 10.35s | train_loss 63.3842 | valid mse 5.4467
| end of epoch 276 | time: 10.45s | train_loss 63.1232 | valid mse 5.4802
| end of epoch 277 | time: 10.68s | train_loss 64.1202 | valid mse 5.5303
| end of epoch 278 | time: 10.94s | train_loss 63.3477 | valid mse 5.5886
| end of epoch 279 | time: 10.51s | train_loss 63.4181 | valid mse 5.4557
| end of epoch 280 | time: 10.79s | train_loss 63.7677 | valid mse 5.4627
| end of epoch 281 | time: 10.51s | train_loss 63.4870 | valid mse 5.4057
| end of epoch 282 | time: 10.73s | train_loss 63.6568 | valid mse 5.3831
| end of epoch 283 | time: 10.84s | train_loss 63.2138 | valid mse 5.3602
| end of epoch 284 | time: 10.43s | train_loss 63.7801 | valid mse 5.3846
| end of epoch 285 | time: 11.00s | train_loss 62.7151 | valid mse 5.3935
| end of epoch 286 | time: 10.73s | train_loss 64.3540 | valid mse 5.3541
| end of epoch 287 | time: 10.37s | train_loss 63.2354 | valid mse 5.3819
| end of epoch 288 | time: 10.31s | train_loss 63.6000 | valid mse 5.4674
| end of epoch 289 | time: 10.29s | train_loss 63.3878 | valid mse 5.3583
| end of epoch 290 | time:  9.99s | train_loss 62.7620 | valid mse 5.3988
| end of epoch 291 | time: 10.07s | train_loss 63.0489 | valid mse 5.3386
| end of epoch 292 | time: 10.96s | train_loss 63.4522 | valid mse 5.3735
| end of epoch 293 | time: 11.08s | train_loss 62.6531 | valid mse 5.3235
| end of epoch 294 | time: 10.91s | train_loss 63.0141 | valid mse 5.3058
| end of epoch 295 | time: 10.24s | train_loss 62.5863 | valid mse 5.3277
| end of epoch 296 | time: 10.78s | train_loss 62.7427 | valid mse 5.3462
| end of epoch 297 | time: 10.68s | train_loss 63.1929 | valid mse 5.3279
| end of epoch 298 | time: 10.00s | train_loss 62.5423 | valid mse 5.3030
| end of epoch 299 | time: 10.12s | train_loss 62.5071 | valid mse 5.2865
| end of epoch 300 | time: 10.40s | train_loss 63.2279 | valid mse 5.2984
| end of epoch 301 | time: 10.85s | train_loss 62.7757 | valid mse 5.2638
| end of epoch 302 | time: 11.09s | train_loss 62.2118 | valid mse 5.2968
| end of epoch 303 | time: 10.79s | train_loss 62.0584 | valid mse 5.3223
| end of epoch 304 | time: 11.64s | train_loss 62.4502 | valid mse 5.2794
| end of epoch 305 | time: 11.35s | train_loss 62.8331 | valid mse 5.2704
| end of epoch 306 | time: 10.55s | train_loss 62.0966 | valid mse 5.2998
| end of epoch 307 | time: 10.35s | train_loss 62.4269 | valid mse 5.2671
| end of epoch 308 | time: 10.31s | train_loss 62.3328 | valid mse 5.2648
| end of epoch 309 | time: 10.13s | train_loss 61.9537 | valid mse 5.2877
| end of epoch 310 | time: 10.29s | train_loss 62.9025 | valid mse 5.2513
| end of epoch 311 | time: 10.52s | train_loss 62.7968 | valid mse 5.2655
| end of epoch 312 | time: 10.02s | train_loss 62.4869 | valid mse 5.2712
| end of epoch 313 | time:  9.80s | train_loss 62.5174 | valid mse 5.2514
| end of epoch 314 | time:  9.76s | train_loss 62.7979 | valid mse 5.2563
| end of epoch 315 | time: 11.34s | train_loss 62.3395 | valid mse 5.2431
| end of epoch 316 | time: 12.07s | train_loss 62.9710 | valid mse 5.2474
| end of epoch 317 | time: 11.01s | train_loss 62.8214 | valid mse 5.2440
| end of epoch 318 | time: 10.30s | train_loss 62.4780 | valid mse 5.2400
| end of epoch 319 | time: 10.39s | train_loss 62.7503 | valid mse 5.2321
| end of epoch 320 | time: 10.57s | train_loss 62.8505 | valid mse 5.2404
| end of epoch 321 | time: 10.22s | train_loss 62.4321 | valid mse 5.2212
| end of epoch 322 | time: 10.37s | train_loss 62.9067 | valid mse 5.2606
| end of epoch 323 | time: 10.73s | train_loss 62.3728 | valid mse 5.2253
| end of epoch 324 | time: 10.50s | train_loss 62.8700 | valid mse 5.2431
| end of epoch 325 | time: 10.44s | train_loss 63.0612 | valid mse 5.1958
| end of epoch 326 | time: 10.50s | train_loss 62.9566 | valid mse 5.2200
| end of epoch 327 | time: 10.50s | train_loss 61.4985 | valid mse 5.2172
| end of epoch 328 | time: 10.67s | train_loss 62.6418 | valid mse 5.1886
| end of epoch 329 | time: 10.13s | train_loss 62.9516 | valid mse 5.2048
| end of epoch 330 | time: 10.23s | train_loss 62.1930 | valid mse 5.2293
| end of epoch 331 | time:  9.95s | train_loss 62.8755 | valid mse 5.2096
| end of epoch 332 | time: 10.03s | train_loss 62.4250 | valid mse 5.1829
| end of epoch 333 | time: 10.34s | train_loss 62.5804 | valid mse 5.2053
| end of epoch 334 | time: 10.11s | train_loss 62.6741 | valid mse 5.2131
| end of epoch 335 | time:  9.89s | train_loss 62.6654 | valid mse 5.1993
| end of epoch 336 | time:  9.83s | train_loss 62.1253 | valid mse 5.2052
| end of epoch 337 | time:  9.78s | train_loss 62.9469 | valid mse 5.2175
| end of epoch 338 | time: 11.48s | train_loss 62.5167 | valid mse 5.2417
| end of epoch 339 | time: 11.88s | train_loss 63.0084 | valid mse 5.1819
| end of epoch 340 | time: 11.72s | train_loss 62.3528 | valid mse 5.1856
| end of epoch 341 | time: 10.29s | train_loss 62.2535 | valid mse 5.1946
| end of epoch 342 | time: 10.20s | train_loss 63.3972 | valid mse 5.1798
| end of epoch 343 | time: 10.32s | train_loss 62.1495 | valid mse 5.6790
| end of epoch 344 | time: 10.36s | train_loss 63.7153 | valid mse 7.2261
| end of epoch 345 | time: 10.49s | train_loss 65.0093 | valid mse 5.9329
| end of epoch 346 | time: 10.67s | train_loss 63.1063 | valid mse 5.6208
| end of epoch 347 | time: 10.64s | train_loss 62.5521 | valid mse 5.6182
| end of epoch 348 | time: 10.66s | train_loss 62.7960 | valid mse 5.1590
| end of epoch 349 | time: 10.76s | train_loss 61.9523 | valid mse 5.1611
| end of epoch 350 | time: 10.57s | train_loss 62.7263 | valid mse 5.1804
| end of epoch 351 | time: 10.63s | train_loss 62.7271 | valid mse 5.1759
| end of epoch 352 | time: 11.24s | train_loss 62.1882 | valid mse 5.1333
| end of epoch 353 | time: 11.10s | train_loss 62.6643 | valid mse 5.1610
| end of epoch 354 | time: 10.86s | train_loss 62.3941 | valid mse 5.1896
| end of epoch 355 | time: 10.43s | train_loss 62.3853 | valid mse 5.1751
| end of epoch 356 | time: 10.34s | train_loss 62.2810 | valid mse 5.1894
| end of epoch 357 | time: 10.72s | train_loss 62.5945 | valid mse 5.1599
| end of epoch 358 | time: 10.34s | train_loss 62.6009 | valid mse 5.1440
| end of epoch 359 | time: 10.28s | train_loss 62.3583 | valid mse 5.1605
| end of epoch 360 | time: 10.27s | train_loss 62.4556 | valid mse 5.1394
| end of epoch 361 | time: 11.98s | train_loss 62.4553 | valid mse 5.1475
| end of epoch 362 | time: 11.28s | train_loss 63.0176 | valid mse 5.1613
| end of epoch 363 | time: 10.94s | train_loss 62.2688 | valid mse 5.1513
| end of epoch 364 | time: 10.80s | train_loss 62.3433 | valid mse 5.1570
| end of epoch 365 | time: 10.67s | train_loss 62.4655 | valid mse 5.1340
| end of epoch 366 | time: 10.49s | train_loss 62.2604 | valid mse 5.1325
| end of epoch 367 | time: 10.39s | train_loss 62.4681 | valid mse 5.1567
| end of epoch 368 | time: 10.69s | train_loss 62.2474 | valid mse 5.1455
| end of epoch 369 | time: 10.62s | train_loss 62.5112 | valid mse 5.1572
| end of epoch 370 | time: 10.55s | train_loss 62.5260 | valid mse 5.1309
| end of epoch 371 | time: 10.75s | train_loss 62.5653 | valid mse 5.1406
| end of epoch 372 | time: 10.59s | train_loss 62.3198 | valid mse 5.1345
| end of epoch 373 | time: 10.73s | train_loss 62.7980 | valid mse 5.2410
| end of epoch 374 | time: 10.71s | train_loss 61.8896 | valid mse 5.1486
| end of epoch 375 | time: 11.06s | train_loss 62.2459 | valid mse 5.1286
| end of epoch 376 | time: 11.10s | train_loss 61.9855 | valid mse 5.1472
| end of epoch 377 | time: 10.68s | train_loss 62.3168 | valid mse 5.1460
| end of epoch 378 | time: 10.67s | train_loss 61.9631 | valid mse 5.1466
| end of epoch 379 | time: 10.40s | train_loss 62.0081 | valid mse 5.1510
| end of epoch 380 | time:  9.87s | train_loss 62.3377 | valid mse 5.1677
| end of epoch 381 | time:  9.77s | train_loss 61.8396 | valid mse 5.1511
| end of epoch 382 | time:  9.80s | train_loss 62.6449 | valid mse 5.1265
| end of epoch 383 | time: 11.58s | train_loss 62.8029 | valid mse 5.1491
| end of epoch 384 | time: 11.86s | train_loss 62.0027 | valid mse 5.1206
| end of epoch 385 | time: 11.22s | train_loss 62.4804 | valid mse 5.1505
| end of epoch 386 | time: 10.33s | train_loss 62.3774 | valid mse 5.1283
| end of epoch 387 | time: 10.17s | train_loss 62.2996 | valid mse 5.1551
| end of epoch 388 | time: 10.24s | train_loss 62.3641 | valid mse 5.1732
| end of epoch 389 | time: 10.43s | train_loss 61.8624 | valid mse 5.1145
| end of epoch 390 | time: 10.35s | train_loss 62.4581 | valid mse 5.1311
| end of epoch 391 | time: 10.82s | train_loss 62.2183 | valid mse 5.1313
| end of epoch 392 | time: 10.41s | train_loss 62.0733 | valid mse 5.1588
| end of epoch 393 | time: 10.56s | train_loss 62.1896 | valid mse 5.1515
| end of epoch 394 | time: 11.83s | train_loss 62.3024 | valid mse 5.1318
| end of epoch 395 | time: 12.40s | train_loss 62.3713 | valid mse 5.1548
| end of epoch 396 | time: 12.31s | train_loss 62.3799 | valid mse 5.1192
| end of epoch 397 | time: 11.33s | train_loss 62.1981 | valid mse 5.1285
| end of epoch 398 | time: 11.92s | train_loss 62.3537 | valid mse 5.1280
| end of epoch 399 | time: 10.80s | train_loss 62.4415 | valid mse 5.1145
| end of epoch 400 | time: 10.24s | train_loss 62.1610 | valid mse 5.1161
| end of epoch 401 | time: 10.11s | train_loss 62.3214 | valid mse 5.1265
| end of epoch 402 | time: 10.26s | train_loss 62.2963 | valid mse 5.1337
| end of epoch 403 | time: 10.18s | train_loss 63.3563 | valid mse 5.1635
| end of epoch 404 | time: 10.02s | train_loss 61.8687 | valid mse 5.1983
| end of epoch 405 | time: 10.55s | train_loss 62.1879 | valid mse 5.1220
| end of epoch 406 | time: 10.96s | train_loss 62.3558 | valid mse 5.1410
| end of epoch 407 | time: 11.04s | train_loss 61.9569 | valid mse 5.1234
| end of epoch 408 | time: 10.37s | train_loss 62.3471 | valid mse 5.1522
| end of epoch 409 | time: 10.58s | train_loss 62.3613 | valid mse 5.1070
| end of epoch 410 | time: 10.72s | train_loss 62.1450 | valid mse 5.1185
| end of epoch 411 | time: 10.76s | train_loss 62.4279 | valid mse 5.1276
| end of epoch 412 | time: 10.96s | train_loss 62.6745 | valid mse 5.1285
| end of epoch 413 | time: 10.66s | train_loss 62.4243 | valid mse 5.1350
| end of epoch 414 | time: 11.01s | train_loss 61.9266 | valid mse 5.1333
| end of epoch 415 | time: 11.12s | train_loss 63.0920 | valid mse 5.1256
| end of epoch 416 | time: 11.01s | train_loss 62.5466 | valid mse 5.1192
| end of epoch 417 | time: 11.70s | train_loss 61.4412 | valid mse 5.1639
| end of epoch 418 | time: 11.29s | train_loss 61.8231 | valid mse 5.1432
| end of epoch 419 | time: 10.40s | train_loss 61.8649 | valid mse 5.1148
| end of epoch 420 | time: 10.20s | train_loss 61.8484 | valid mse 5.1403
| end of epoch 421 | time:  9.91s | train_loss 62.9529 | valid mse 5.1385
| end of epoch 422 | time:  9.89s | train_loss 62.1486 | valid mse 5.1311
| end of epoch 423 | time: 10.22s | train_loss 62.3179 | valid mse 5.1379
| end of epoch 424 | time: 10.24s | train_loss 62.8077 | valid mse 5.1693
| end of epoch 425 | time:  9.83s | train_loss 61.6066 | valid mse 5.1206
| end of epoch 426 | time: 10.10s | train_loss 62.5232 | valid mse 5.1143
| end of epoch 427 | time: 10.23s | train_loss 61.9602 | valid mse 5.1321
| end of epoch 428 | time: 10.39s | train_loss 61.6862 | valid mse 5.1339
| end of epoch 429 | time: 10.66s | train_loss 61.9537 | valid mse 5.1166
| end of epoch 430 | time: 10.43s | train_loss 62.2332 | valid mse 5.1268
| end of epoch 431 | time:  9.97s | train_loss 62.3321 | valid mse 5.1244
| end of epoch 432 | time: 10.57s | train_loss 61.5975 | valid mse 5.1088
| end of epoch 433 | time: 10.45s | train_loss 61.9973 | valid mse 5.1515
| end of epoch 434 | time: 10.37s | train_loss 61.9590 | valid mse 5.1545
| end of epoch 435 | time: 10.52s | train_loss 62.3661 | valid mse 5.1317
| end of epoch 436 | time: 10.72s | train_loss 62.4629 | valid mse 5.1226
| end of epoch 437 | time: 10.89s | train_loss 62.0606 | valid mse 5.1256
| end of epoch 438 | time: 10.40s | train_loss 61.8856 | valid mse 5.1104
| end of epoch 439 | time: 11.40s | train_loss 62.3402 | valid mse 5.1130
early stop at epoch: 0439
MAE  :
horizon-0  :  1.5637290477752686
all  :  1.5637290477752686
MSE  :
horizon-0  :  5.133752822875977
all  :  5.133752822875977
RMSE  :
horizon-0  :  2.2657785415649414
all  :  2.2657785415649414
masked_MAPE  :
horizon-0  :  57.82409906387329
all  :  57.82409906387329
StemGNN_MAPE  :
horizon-0  :  147.33724692584224
all  :  147.33724692584224
PCC  :
horizon-0  :  0.982568934441497
all  :  0.982568934441497
node_wise_PCC  :
horizon-0  :  0.7738561630249023
all  :  0.7738561630249023